2023-08-05 07:21:41,779 - root - INFO - **** Test_001_Login*****
2023-08-05 07:25:40,977 - root - INFO - **** Test_001_Login*****
2023-08-05 07:25:49,826 - root - INFO - *** Title***
2023-08-05 07:25:49,906 - root - INFO - ****test_login*****
2023-08-05 07:25:58,711 - root - INFO - ***login title****
2023-08-05 07:36:32,364 - root - INFO - ****test_login*****
***
2023-08-05 07:36:48,353 - root - INFO - *** Title***
2023-08-05 07:36:54,712 - root - INFO - ***login title****
2023-08-05 07:39:50,257 - root - INFO - ****test_login*****
2023-08-05 07:39:50,257 - root - INFO - **** Test_001_Login*****
2023-08-05 07:40:02,608 - root - INFO - *** Title***
2023-08-05 07:40:03,763 - root - INFO - ***login title****
2023-08-05 07:47:08,877 - root - INFO - ****test_login*****
2023-08-05 07:47:08,877 - root - INFO - **** Test_001_Login*****
2023-08-05 07:47:18,282 - root - INFO - *** Title***
2023-08-05 07:50:17,243 - root - INFO - ****test_login*****
2023-08-05 07:50:17,243 - root - INFO - **** Test_001_Login*****
2023-08-05 07:50:26,567 - root - INFO - *** Title***
2023-08-05 07:51:58,897 - root - INFO - ****test_login*****
2023-08-05 07:51:58,898 - root - INFO - **** Test_001_Login*****
2023-08-05 07:52:06,761 - root - INFO - *** Title***
2023-08-05 07:52:09,450 - root - INFO - ****login title of the page****
2023-08-08 11:33:48,474 - root - INFO - **** Test_001_Login*****
2023-08-08 11:33:58,480 - root - INFO - *** Title***
2023-08-08 11:33:58,588 - root - INFO - ****test_login*****
2023-08-08 11:34:08,103 - root - INFO - ****login title of the page****
2023-08-09 18:28:28,779 - root - INFO - **** Test_001_Login*****
2023-08-09 18:28:40,575 - root - INFO - *** Title***
2023-08-09 18:28:40,663 - root - INFO - ****test_login*****
2023-08-09 18:28:53,385 - root - INFO - ****login title of the page****
2023-08-09 18:29:22,766 - root - INFO - **** Test_001_Login*****
2023-08-09 18:29:34,152 - root - INFO - *** Title***
2023-08-09 18:29:34,232 - root - INFO - ****test_login*****
2023-08-09 18:29:55,317 - root - INFO - ***login title****
2023-08-11 15:55:53,119 - root - INFO - ****test_login*****
2023-08-11 15:56:48,931 - root - INFO - ****test_login*****
2023-08-11 16:14:50,976 - root - INFO - ****test_login*****
2023-08-11 16:16:55,239 - root - INFO - ****test_login*****
2023-08-11 16:18:00,257 - root - INFO - ****test_login*****
2023-08-11 16:18:44,516 - root - INFO - ****test_login*****
2023-08-11 16:20:55,752 - root - INFO - ****test_login*****
2023-08-11 16:22:14,170 - root - INFO - ****test_login*****
2023-08-11 16:32:53,346 - root - INFO - ****test_login*****
2023-08-11 16:35:03,926 - root - INFO - ****test_login*****
2023-08-11 16:36:23,904 - root - INFO - ****test_login*****
2023-08-11 16:37:32,287 - root - INFO - ****test_login*****
2023-08-11 16:50:23,021 - root - INFO - ****test_login*****
2023-08-11 16:53:16,377 - root - INFO - ****test_login*****
2023-08-11 16:54:38,712 - root - INFO - ****test_login*****
2023-08-11 16:55:42,059 - root - INFO - ****test_login*****
2023-08-11 16:58:53,791 - root - INFO - ****test_login*****
2023-08-11 17:00:53,003 - root - INFO - ****test_login*****
2023-08-11 17:02:41,434 - root - INFO - ****test_login*****
2023-08-11 17:03:18,678 - root - INFO - ****test_login*****
2023-08-11 17:06:11,340 - root - INFO - ****test_login*****
2023-08-12 07:48:32,986 - root - INFO - **** Test_001_Login*****
2023-08-12 07:48:42,511 - root - INFO - *** Title***
2023-08-12 07:48:42,566 - root - INFO - ****test_login*****
2023-08-12 07:48:51,423 - root - INFO - ***login title****
2023-08-12 07:58:30,938 - root - INFO - ****test_login*****
2023-08-12 07:59:40,920 - root - INFO - ****test_login*****
2023-08-12 08:01:12,961 - root - INFO - ****test_login*****
2023-08-12 08:04:06,676 - root - INFO - ****test_login*****
2023-08-12 08:05:36,269 - root - INFO - ****test_login*****
2023-08-12 08:08:45,803 - root - INFO - ****test_login*****
2023-08-12 08:09:18,860 - root - INFO - ****test_login*****
2023-08-12 08:10:23,857 - root - INFO - ****test_login*****
2023-08-12 08:11:10,746 - root - INFO - ****test_login*****
2023-08-12 08:12:04,460 - root - INFO - ****test_login*****
2023-08-12 08:21:18,213 - root - INFO - ****test_login*****
2023-08-12 08:22:37,645 - root - INFO - ****test_login*****
2023-08-12 08:24:27,705 - root - INFO - ****test_login*****
2023-08-12 08:25:45,292 - root - INFO - ****test_login*****
2023-08-12 08:27:51,968 - root - INFO - **** Test_001_Login*****
2023-08-12 08:28:01,174 - root - INFO - *** Title***
2023-08-12 08:28:01,266 - root - INFO - ****test_login*****
2023-08-12 08:28:12,429 - root - INFO - ***login title****
2023-08-12 11:12:39,357 - root - INFO - **** Test_001_Login*****
2023-08-12 11:12:50,509 - root - INFO - *** Title***
2023-08-12 11:12:50,594 - root - INFO - ****test_login*****
2023-08-12 11:12:59,132 - root - INFO - ***login title****
2023-08-12 11:13:20,393 - root - INFO - ****test_login*****
2023-08-12 18:57:27,725 - root - INFO - ****test_login*****
2023-08-12 19:01:01,535 - root - INFO - ****test_login*****
2023-08-12 21:01:03,997 - root - INFO - ****test_login*****
2023-08-13 09:12:41,034 - root - INFO - ****test_login*****
2023-08-13 09:15:29,327 - root - INFO - ****test_login*****
2023-08-13 09:17:51,682 - root - INFO - ****test_login*****
2023-08-13 09:18:50,451 - root - INFO - ****test_login*****
2023-08-13 09:49:26,779 - root - INFO - **** Test_001_Login*****
2023-08-13 09:49:26,779 - root - INFO - **** Test_001_Login*****
2023-08-13 09:49:35,909 - root - INFO - *** Title***
2023-08-13 09:49:35,909 - root - INFO - *** Title***
2023-08-13 09:50:02,060 - root - INFO - ****test_login*****
2023-08-13 09:50:02,060 - root - INFO - ****test_login*****
2023-08-13 09:50:53,627 - root - INFO - ****test_login*****
2023-08-13 09:50:53,627 - root - INFO - ****test_login*****
2023-08-13 09:51:05,253 - root - INFO - ***login title****
2023-08-13 09:51:05,253 - root - INFO - ***login title****
2023-08-13 09:51:36,396 - root - INFO - ****test_login*****
2023-08-13 09:51:36,396 - root - INFO - ****test_login*****
2023-08-13 09:52:40,367 - root - INFO - ****test_login*****
2023-08-13 09:52:40,367 - root - INFO - ****test_login*****
2023-08-13 09:52:51,265 - root - INFO - ***login title****
2023-08-13 09:52:51,265 - root - INFO - ***login title****
2023-08-15 09:52:01,175 - root - INFO - **** Test_001_Login*****
2023-08-15 09:52:09,773 - root - INFO - *** Title***
2023-08-15 09:52:09,845 - root - INFO - ****test_login*****
2023-08-15 09:52:19,502 - root - INFO - ***login title****
